  main.cpp
c:\users\ckait\onedrive\csc474\4_animationblending_slowmotion\3_bonestructure_and_animation\fbx_convert_prog_labcode\fbx_convert_prog\bone.h(47): warning C4018: '<': signed/unsigned mismatch
c:\users\ckait\onedrive\csc474\4_animationblending_slowmotion\3_bonestructure_and_animation\fbx_convert_prog_labcode\fbx_convert_prog\bone.h(50): warning C4018: '>': signed/unsigned mismatch
c:\users\ckait\onedrive\csc474\4_animationblending_slowmotion\3_bonestructure_and_animation\fbx_convert_prog_labcode\fbx_convert_prog\bone.h(68): warning C4018: '<': signed/unsigned mismatch
c:\users\ckait\onedrive\csc474\4_animationblending_slowmotion\3_bonestructure_and_animation\fbx_convert_prog_labcode\fbx_convert_prog\bone.h(84): warning C4018: '<': signed/unsigned mismatch
c:\users\ckait\onedrive\csc474\4_animationblending_slowmotion\3_bonestructure_and_animation\fbx_convert_prog_labcode\fbx_convert_prog\bone.h(90): warning C4018: '<': signed/unsigned mismatch
c:\users\ckait\onedrive\csc474\4_animationblending_slowmotion\3_bonestructure_and_animation\fbx_convert_prog_labcode\fbx_convert_prog\bone.h(97): warning C4018: '<': signed/unsigned mismatch
c:\users\ckait\onedrive\csc474\4_animationblending_slowmotion\3_bonestructure_and_animation\fbx_convert_prog_labcode\fbx_convert_prog\main.cpp(47): warning C4244: '=': conversion from 'double' to 'float', possible loss of data
c:\users\ckait\onedrive\csc474\4_animationblending_slowmotion\3_bonestructure_and_animation\fbx_convert_prog_labcode\fbx_convert_prog\main.cpp(51): warning C4244: '=': conversion from 'double' to 'float', possible loss of data
c:\users\ckait\onedrive\csc474\4_animationblending_slowmotion\3_bonestructure_and_animation\fbx_convert_prog_labcode\fbx_convert_prog\main.cpp(55): warning C4244: '=': conversion from 'double' to 'float', possible loss of data
c:\users\ckait\onedrive\csc474\4_animationblending_slowmotion\3_bonestructure_and_animation\fbx_convert_prog_labcode\fbx_convert_prog\main.cpp(57): warning C4244: '=': conversion from 'double' to 'float', possible loss of data
c:\users\ckait\onedrive\csc474\4_animationblending_slowmotion\3_bonestructure_and_animation\fbx_convert_prog_labcode\fbx_convert_prog\main.cpp(239): warning C4996: 'strcpy': This function or variable may be unsafe. Consider using strcpy_s instead. To disable deprecation, use _CRT_SECURE_NO_WARNINGS. See online help for details.
  c:\program files (x86)\windows kits\10\include\10.0.16299.0\ucrt\string.h(132): note: see declaration of 'strcpy'
c:\users\ckait\onedrive\csc474\4_animationblending_slowmotion\3_bonestructure_and_animation\fbx_convert_prog_labcode\fbx_convert_prog\main.cpp(252): warning C4996: 'strcpy': This function or variable may be unsafe. Consider using strcpy_s instead. To disable deprecation, use _CRT_SECURE_NO_WARNINGS. See online help for details.
  c:\program files (x86)\windows kits\10\include\10.0.16299.0\ucrt\string.h(132): note: see declaration of 'strcpy'
c:\users\ckait\onedrive\csc474\4_animationblending_slowmotion\3_bonestructure_and_animation\fbx_convert_prog_labcode\fbx_convert_prog\main.cpp(368): warning C4305: 'initializing': truncation from 'double' to 'float'
glfw3.lib(context.obj) : warning LNK4099: PDB 'glfw.pdb' was not found with 'glfw3.lib(context.obj)' or at 'C:\Users\ckait\OneDrive\csc474\4_AnimationBlending_SlowMotion\3_bonestructure_and_animation\fbx_convert_prog_labcode\Debug\glfw.pdb'; linking object as if no debug info
glfw3.lib(init.obj) : warning LNK4099: PDB 'glfw.pdb' was not found with 'glfw3.lib(init.obj)' or at 'C:\Users\ckait\OneDrive\csc474\4_AnimationBlending_SlowMotion\3_bonestructure_and_animation\fbx_convert_prog_labcode\Debug\glfw.pdb'; linking object as if no debug info
glfw3.lib(input.obj) : warning LNK4099: PDB 'glfw.pdb' was not found with 'glfw3.lib(input.obj)' or at 'C:\Users\ckait\OneDrive\csc474\4_AnimationBlending_SlowMotion\3_bonestructure_and_animation\fbx_convert_prog_labcode\Debug\glfw.pdb'; linking object as if no debug info
glfw3.lib(monitor.obj) : warning LNK4099: PDB 'glfw.pdb' was not found with 'glfw3.lib(monitor.obj)' or at 'C:\Users\ckait\OneDrive\csc474\4_AnimationBlending_SlowMotion\3_bonestructure_and_animation\fbx_convert_prog_labcode\Debug\glfw.pdb'; linking object as if no debug info
glfw3.lib(vulkan.obj) : warning LNK4099: PDB 'glfw.pdb' was not found with 'glfw3.lib(vulkan.obj)' or at 'C:\Users\ckait\OneDrive\csc474\4_AnimationBlending_SlowMotion\3_bonestructure_and_animation\fbx_convert_prog_labcode\Debug\glfw.pdb'; linking object as if no debug info
glfw3.lib(window.obj) : warning LNK4099: PDB 'glfw.pdb' was not found with 'glfw3.lib(window.obj)' or at 'C:\Users\ckait\OneDrive\csc474\4_AnimationBlending_SlowMotion\3_bonestructure_and_animation\fbx_convert_prog_labcode\Debug\glfw.pdb'; linking object as if no debug info
glfw3.lib(win32_init.obj) : warning LNK4099: PDB 'glfw.pdb' was not found with 'glfw3.lib(win32_init.obj)' or at 'C:\Users\ckait\OneDrive\csc474\4_AnimationBlending_SlowMotion\3_bonestructure_and_animation\fbx_convert_prog_labcode\Debug\glfw.pdb'; linking object as if no debug info
glfw3.lib(win32_joystick.obj) : warning LNK4099: PDB 'glfw.pdb' was not found with 'glfw3.lib(win32_joystick.obj)' or at 'C:\Users\ckait\OneDrive\csc474\4_AnimationBlending_SlowMotion\3_bonestructure_and_animation\fbx_convert_prog_labcode\Debug\glfw.pdb'; linking object as if no debug info
glfw3.lib(win32_monitor.obj) : warning LNK4099: PDB 'glfw.pdb' was not found with 'glfw3.lib(win32_monitor.obj)' or at 'C:\Users\ckait\OneDrive\csc474\4_AnimationBlending_SlowMotion\3_bonestructure_and_animation\fbx_convert_prog_labcode\Debug\glfw.pdb'; linking object as if no debug info
glfw3.lib(win32_time.obj) : warning LNK4099: PDB 'glfw.pdb' was not found with 'glfw3.lib(win32_time.obj)' or at 'C:\Users\ckait\OneDrive\csc474\4_AnimationBlending_SlowMotion\3_bonestructure_and_animation\fbx_convert_prog_labcode\Debug\glfw.pdb'; linking object as if no debug info
glfw3.lib(win32_tls.obj) : warning LNK4099: PDB 'glfw.pdb' was not found with 'glfw3.lib(win32_tls.obj)' or at 'C:\Users\ckait\OneDrive\csc474\4_AnimationBlending_SlowMotion\3_bonestructure_and_animation\fbx_convert_prog_labcode\Debug\glfw.pdb'; linking object as if no debug info
glfw3.lib(win32_window.obj) : warning LNK4099: PDB 'glfw.pdb' was not found with 'glfw3.lib(win32_window.obj)' or at 'C:\Users\ckait\OneDrive\csc474\4_AnimationBlending_SlowMotion\3_bonestructure_and_animation\fbx_convert_prog_labcode\Debug\glfw.pdb'; linking object as if no debug info
glfw3.lib(wgl_context.obj) : warning LNK4099: PDB 'glfw.pdb' was not found with 'glfw3.lib(wgl_context.obj)' or at 'C:\Users\ckait\OneDrive\csc474\4_AnimationBlending_SlowMotion\3_bonestructure_and_animation\fbx_convert_prog_labcode\Debug\glfw.pdb'; linking object as if no debug info
glfw3.lib(egl_context.obj) : warning LNK4099: PDB 'glfw.pdb' was not found with 'glfw3.lib(egl_context.obj)' or at 'C:\Users\ckait\OneDrive\csc474\4_AnimationBlending_SlowMotion\3_bonestructure_and_animation\fbx_convert_prog_labcode\Debug\glfw.pdb'; linking object as if no debug info
  fbx_convert_prog.vcxproj -> C:\Users\ckait\OneDrive\csc474\4_AnimationBlending_SlowMotion\3_bonestructure_and_animation\fbx_convert_prog_labcode\Debug\fbx_convert_prog.exe
